CRITICAL - 2024-11-22 17:10:47 --> ErrorException: Undefined variable $categorias
[Method: GET, Route: Categorias/new]
in APPPATH\Views\Categoria\_form.php on line 2.
 1 APPPATH\Views\Categoria\_form.php(2): CodeIgniter\Debug\Exceptions->errorHandler(2, 'Undefined variable $categorias', 'C:\\laragon\\www\\biblioteca\\app\\Views\\Categoria\\_form.php', 2)
 2 SYSTEMPATH\View\View.php(234): include('C:\\laragon\\www\\biblioteca\\app\\Views\\Categoria\\_form.php')
 3 SYSTEMPATH\View\View.php(237): CodeIgniter\View\View->CodeIgniter\View\{closure}()
 4 SYSTEMPATH\Common.php(1171): CodeIgniter\View\View->render('Categoria/_form', [], true)
 5 APPPATH\Views\Categoria\new.php(10): view('Categoria/_form', [...])
 6 SYSTEMPATH\View\View.php(234): include('C:\\laragon\\www\\biblioteca\\app\\Views\\Categoria\\new.php')
 7 SYSTEMPATH\View\View.php(237): CodeIgniter\View\View->CodeIgniter\View\{closure}()
 8 SYSTEMPATH\Common.php(1171): CodeIgniter\View\View->render('Categoria/new', [], true)
 9 APPPATH\Controllers\Categorias.php(59): view('Categoria/new')
10 SYSTEMPATH\CodeIgniter.php(933): App\Controllers\Categorias->new()
11 SYSTEMPATH\CodeIgniter.php(509): CodeIgniter\CodeIgniter->runController(Object(App\Controllers\Categorias))
12 SYSTEMPATH\CodeIgniter.php(355): CodeIgniter\CodeIgniter->handleRequest(null, Object(Config\Cache), false)
13 SYSTEMPATH\Boot.php(325): CodeIgniter\CodeIgniter->run()
14 SYSTEMPATH\Boot.php(67): CodeIgniter\Boot::runCodeIgniter(Object(CodeIgniter\CodeIgniter))
15 FCPATH\index.php(56): CodeIgniter\Boot::bootWeb(Object(Config\Paths))
CRITICAL - 2024-11-22 17:11:02 --> ErrorException: Undefined variable $categorias
[Method: GET, Route: Categorias/new]
in APPPATH\Views\Categoria\_form.php on line 2.
 1 APPPATH\Views\Categoria\_form.php(2): CodeIgniter\Debug\Exceptions->errorHandler(2, 'Undefined variable $categorias', 'C:\\laragon\\www\\biblioteca\\app\\Views\\Categoria\\_form.php', 2)
 2 SYSTEMPATH\View\View.php(234): include('C:\\laragon\\www\\biblioteca\\app\\Views\\Categoria\\_form.php')
 3 SYSTEMPATH\View\View.php(237): CodeIgniter\View\View->CodeIgniter\View\{closure}()
 4 SYSTEMPATH\Common.php(1171): CodeIgniter\View\View->render('Categoria/_form', [], true)
 5 APPPATH\Views\Categoria\new.php(10): view('Categoria/_form', [...])
 6 SYSTEMPATH\View\View.php(234): include('C:\\laragon\\www\\biblioteca\\app\\Views\\Categoria\\new.php')
 7 SYSTEMPATH\View\View.php(237): CodeIgniter\View\View->CodeIgniter\View\{closure}()
 8 SYSTEMPATH\Common.php(1171): CodeIgniter\View\View->render('Categoria/new', [], true)
 9 APPPATH\Controllers\Categorias.php(59): view('Categoria/new')
10 SYSTEMPATH\CodeIgniter.php(933): App\Controllers\Categorias->new()
11 SYSTEMPATH\CodeIgniter.php(509): CodeIgniter\CodeIgniter->runController(Object(App\Controllers\Categorias))
12 SYSTEMPATH\CodeIgniter.php(355): CodeIgniter\CodeIgniter->handleRequest(null, Object(Config\Cache), false)
13 SYSTEMPATH\Boot.php(325): CodeIgniter\CodeIgniter->run()
14 SYSTEMPATH\Boot.php(67): CodeIgniter\Boot::runCodeIgniter(Object(CodeIgniter\CodeIgniter))
15 FCPATH\index.php(56): CodeIgniter\Boot::bootWeb(Object(Config\Paths))
CRITICAL - 2024-11-22 17:14:49 --> ErrorException: Undefined variable $categorias
[Method: GET, Route: Categorias/new]
in APPPATH\Views\Categoria\_form.php on line 2.
 1 APPPATH\Views\Categoria\_form.php(2): CodeIgniter\Debug\Exceptions->errorHandler(2, 'Undefined variable $categorias', 'C:\\laragon\\www\\biblioteca\\app\\Views\\Categoria\\_form.php', 2)
 2 SYSTEMPATH\View\View.php(234): include('C:\\laragon\\www\\biblioteca\\app\\Views\\Categoria\\_form.php')
 3 SYSTEMPATH\View\View.php(237): CodeIgniter\View\View->CodeIgniter\View\{closure}()
 4 SYSTEMPATH\Common.php(1171): CodeIgniter\View\View->render('Categoria/_form', [], true)
 5 APPPATH\Views\Categoria\new.php(10): view('Categoria/_form', [...])
 6 SYSTEMPATH\View\View.php(234): include('C:\\laragon\\www\\biblioteca\\app\\Views\\Categoria\\new.php')
 7 SYSTEMPATH\View\View.php(237): CodeIgniter\View\View->CodeIgniter\View\{closure}()
 8 SYSTEMPATH\Common.php(1171): CodeIgniter\View\View->render('Categoria/new', [], true)
 9 APPPATH\Controllers\Categorias.php(59): view('Categoria/new')
10 SYSTEMPATH\CodeIgniter.php(933): App\Controllers\Categorias->new()
11 SYSTEMPATH\CodeIgniter.php(509): CodeIgniter\CodeIgniter->runController(Object(App\Controllers\Categorias))
12 SYSTEMPATH\CodeIgniter.php(355): CodeIgniter\CodeIgniter->handleRequest(null, Object(Config\Cache), false)
13 SYSTEMPATH\Boot.php(325): CodeIgniter\CodeIgniter->run()
14 SYSTEMPATH\Boot.php(67): CodeIgniter\Boot::runCodeIgniter(Object(CodeIgniter\CodeIgniter))
15 FCPATH\index.php(56): CodeIgniter\Boot::bootWeb(Object(Config\Paths))
CRITICAL - 2024-11-22 17:14:55 --> ErrorException: Undefined variable $categorias
[Method: GET, Route: Categorias/new]
in APPPATH\Views\Categoria\_form.php on line 2.
 1 APPPATH\Views\Categoria\_form.php(2): CodeIgniter\Debug\Exceptions->errorHandler(2, 'Undefined variable $categorias', 'C:\\laragon\\www\\biblioteca\\app\\Views\\Categoria\\_form.php', 2)
 2 SYSTEMPATH\View\View.php(234): include('C:\\laragon\\www\\biblioteca\\app\\Views\\Categoria\\_form.php')
 3 SYSTEMPATH\View\View.php(237): CodeIgniter\View\View->CodeIgniter\View\{closure}()
 4 SYSTEMPATH\Common.php(1171): CodeIgniter\View\View->render('Categoria/_form', [], true)
 5 APPPATH\Views\Categoria\new.php(10): view('Categoria/_form', [...])
 6 SYSTEMPATH\View\View.php(234): include('C:\\laragon\\www\\biblioteca\\app\\Views\\Categoria\\new.php')
 7 SYSTEMPATH\View\View.php(237): CodeIgniter\View\View->CodeIgniter\View\{closure}()
 8 SYSTEMPATH\Common.php(1171): CodeIgniter\View\View->render('Categoria/new', [], true)
 9 APPPATH\Controllers\Categorias.php(59): view('Categoria/new')
10 SYSTEMPATH\CodeIgniter.php(933): App\Controllers\Categorias->new()
11 SYSTEMPATH\CodeIgniter.php(509): CodeIgniter\CodeIgniter->runController(Object(App\Controllers\Categorias))
12 SYSTEMPATH\CodeIgniter.php(355): CodeIgniter\CodeIgniter->handleRequest(null, Object(Config\Cache), false)
13 SYSTEMPATH\Boot.php(325): CodeIgniter\CodeIgniter->run()
14 SYSTEMPATH\Boot.php(67): CodeIgniter\Boot::runCodeIgniter(Object(CodeIgniter\CodeIgniter))
15 FCPATH\index.php(56): CodeIgniter\Boot::bootWeb(Object(Config\Paths))
CRITICAL - 2024-11-22 17:38:57 --> ErrorException: Undefined variable $categorias
[Method: GET, Route: Categorias/new]
in APPPATH\Views\Categoria\_form.php on line 2.
 1 APPPATH\Views\Categoria\_form.php(2): CodeIgniter\Debug\Exceptions->errorHandler(2, 'Undefined variable $categorias', 'C:\\laragon\\www\\biblioteca\\app\\Views\\Categoria\\_form.php', 2)
 2 SYSTEMPATH\View\View.php(234): include('C:\\laragon\\www\\biblioteca\\app\\Views\\Categoria\\_form.php')
 3 SYSTEMPATH\View\View.php(237): CodeIgniter\View\View->CodeIgniter\View\{closure}()
 4 SYSTEMPATH\Common.php(1171): CodeIgniter\View\View->render('Categoria/_form', [], true)
 5 APPPATH\Views\Categoria\new.php(11): view('Categoria/_form', [...])
 6 SYSTEMPATH\View\View.php(234): include('C:\\laragon\\www\\biblioteca\\app\\Views\\Categoria\\new.php')
 7 SYSTEMPATH\View\View.php(237): CodeIgniter\View\View->CodeIgniter\View\{closure}()
 8 SYSTEMPATH\Common.php(1171): CodeIgniter\View\View->render('Categoria/new', [], true)
 9 APPPATH\Controllers\Categorias.php(61): view('Categoria/new', [...])
10 SYSTEMPATH\CodeIgniter.php(933): App\Controllers\Categorias->new()
11 SYSTEMPATH\CodeIgniter.php(509): CodeIgniter\CodeIgniter->runController(Object(App\Controllers\Categorias))
12 SYSTEMPATH\CodeIgniter.php(355): CodeIgniter\CodeIgniter->handleRequest(null, Object(Config\Cache), false)
13 SYSTEMPATH\Boot.php(325): CodeIgniter\CodeIgniter->run()
14 SYSTEMPATH\Boot.php(67): CodeIgniter\Boot::runCodeIgniter(Object(CodeIgniter\CodeIgniter))
15 FCPATH\index.php(56): CodeIgniter\Boot::bootWeb(Object(Config\Paths))
CRITICAL - 2024-11-22 17:40:21 --> ErrorException: Undefined variable $categorias
[Method: GET, Route: Categorias/new]
in APPPATH\Views\Categoria\_form.php on line 2.
 1 APPPATH\Views\Categoria\_form.php(2): CodeIgniter\Debug\Exceptions->errorHandler(2, 'Undefined variable $categorias', 'C:\\laragon\\www\\biblioteca\\app\\Views\\Categoria\\_form.php', 2)
 2 SYSTEMPATH\View\View.php(234): include('C:\\laragon\\www\\biblioteca\\app\\Views\\Categoria\\_form.php')
 3 SYSTEMPATH\View\View.php(237): CodeIgniter\View\View->CodeIgniter\View\{closure}()
 4 SYSTEMPATH\Common.php(1171): CodeIgniter\View\View->render('Categoria/_form', [], true)
 5 APPPATH\Controllers\Categorias.php(66): view('Categoria/_form', [...])
 6 SYSTEMPATH\CodeIgniter.php(933): App\Controllers\Categorias->new()
 7 SYSTEMPATH\CodeIgniter.php(509): CodeIgniter\CodeIgniter->runController(Object(App\Controllers\Categorias))
 8 SYSTEMPATH\CodeIgniter.php(355): CodeIgniter\CodeIgniter->handleRequest(null, Object(Config\Cache), false)
 9 SYSTEMPATH\Boot.php(325): CodeIgniter\CodeIgniter->run()
10 SYSTEMPATH\Boot.php(67): CodeIgniter\Boot::runCodeIgniter(Object(CodeIgniter\CodeIgniter))
11 FCPATH\index.php(56): CodeIgniter\Boot::bootWeb(Object(Config\Paths))
CRITICAL - 2024-11-22 17:40:24 --> ErrorException: Undefined variable $categorias
[Method: GET, Route: Categorias/new]
in APPPATH\Views\Categoria\_form.php on line 2.
 1 APPPATH\Views\Categoria\_form.php(2): CodeIgniter\Debug\Exceptions->errorHandler(2, 'Undefined variable $categorias', 'C:\\laragon\\www\\biblioteca\\app\\Views\\Categoria\\_form.php', 2)
 2 SYSTEMPATH\View\View.php(234): include('C:\\laragon\\www\\biblioteca\\app\\Views\\Categoria\\_form.php')
 3 SYSTEMPATH\View\View.php(237): CodeIgniter\View\View->CodeIgniter\View\{closure}()
 4 SYSTEMPATH\Common.php(1171): CodeIgniter\View\View->render('Categoria/_form', [], true)
 5 APPPATH\Controllers\Categorias.php(66): view('Categoria/_form', [...])
 6 SYSTEMPATH\CodeIgniter.php(933): App\Controllers\Categorias->new()
 7 SYSTEMPATH\CodeIgniter.php(509): CodeIgniter\CodeIgniter->runController(Object(App\Controllers\Categorias))
 8 SYSTEMPATH\CodeIgniter.php(355): CodeIgniter\CodeIgniter->handleRequest(null, Object(Config\Cache), false)
 9 SYSTEMPATH\Boot.php(325): CodeIgniter\CodeIgniter->run()
10 SYSTEMPATH\Boot.php(67): CodeIgniter\Boot::runCodeIgniter(Object(CodeIgniter\CodeIgniter))
11 FCPATH\index.php(56): CodeIgniter\Boot::bootWeb(Object(Config\Paths))
CRITICAL - 2024-11-22 17:40:44 --> ErrorException: Undefined variable $categoria
[Method: GET, Route: Categorias/edit/%201]
in APPPATH\Views\Categoria\_form.php on line 2.
 1 APPPATH\Views\Categoria\_form.php(2): CodeIgniter\Debug\Exceptions->errorHandler(2, 'Undefined variable $categoria', 'C:\\laragon\\www\\biblioteca\\app\\Views\\Categoria\\_form.php', 2)
 2 SYSTEMPATH\View\View.php(234): include('C:\\laragon\\www\\biblioteca\\app\\Views\\Categoria\\_form.php')
 3 SYSTEMPATH\View\View.php(237): CodeIgniter\View\View->CodeIgniter\View\{closure}()
 4 SYSTEMPATH\Common.php(1171): CodeIgniter\View\View->render('Categoria/_form', [], true)
 5 APPPATH\Views\Categoria\edit.php(11): view('Categoria/_form', [...])
 6 SYSTEMPATH\View\View.php(234): include('C:\\laragon\\www\\biblioteca\\app\\Views\\Categoria\\edit.php')
 7 SYSTEMPATH\View\View.php(237): CodeIgniter\View\View->CodeIgniter\View\{closure}()
 8 SYSTEMPATH\Common.php(1171): CodeIgniter\View\View->render('categoria/edit', [], true)
 9 APPPATH\Controllers\Categorias.php(23): view('categoria/edit', [...])
10 SYSTEMPATH\CodeIgniter.php(933): App\Controllers\Categorias->edit(' 1')
11 SYSTEMPATH\CodeIgniter.php(509): CodeIgniter\CodeIgniter->runController(Object(App\Controllers\Categorias))
12 SYSTEMPATH\CodeIgniter.php(355): CodeIgniter\CodeIgniter->handleRequest(null, Object(Config\Cache), false)
13 SYSTEMPATH\Boot.php(325): CodeIgniter\CodeIgniter->run()
14 SYSTEMPATH\Boot.php(67): CodeIgniter\Boot::runCodeIgniter(Object(CodeIgniter\CodeIgniter))
15 FCPATH\index.php(56): CodeIgniter\Boot::bootWeb(Object(Config\Paths))
CRITICAL - 2024-11-22 17:51:55 --> ErrorException: Undefined variable $libros
[Method: GET, Route: Libros/new]
in APPPATH\Views\Libro\_form.php on line 2.
 1 APPPATH\Views\Libro\_form.php(2): CodeIgniter\Debug\Exceptions->errorHandler(2, 'Undefined variable $libros', 'C:\\laragon\\www\\biblioteca\\app\\Views\\Libro\\_form.php', 2)
 2 SYSTEMPATH\View\View.php(234): include('C:\\laragon\\www\\biblioteca\\app\\Views\\Libro\\_form.php')
 3 SYSTEMPATH\View\View.php(237): CodeIgniter\View\View->CodeIgniter\View\{closure}()
 4 SYSTEMPATH\Common.php(1171): CodeIgniter\View\View->render('Libro/_form', [], true)
 5 APPPATH\Views\Libro\new.php(10): view('Libro/_form', [...])
 6 SYSTEMPATH\View\View.php(234): include('C:\\laragon\\www\\biblioteca\\app\\Views\\Libro\\new.php')
 7 SYSTEMPATH\View\View.php(237): CodeIgniter\View\View->CodeIgniter\View\{closure}()
 8 SYSTEMPATH\Common.php(1171): CodeIgniter\View\View->render('Libro/new', [], true)
 9 APPPATH\Controllers\Libros.php(61): view('Libro/new')
10 SYSTEMPATH\CodeIgniter.php(933): App\Controllers\Libros->new()
11 SYSTEMPATH\CodeIgniter.php(509): CodeIgniter\CodeIgniter->runController(Object(App\Controllers\Libros))
12 SYSTEMPATH\CodeIgniter.php(355): CodeIgniter\CodeIgniter->handleRequest(null, Object(Config\Cache), false)
13 SYSTEMPATH\Boot.php(325): CodeIgniter\CodeIgniter->run()
14 SYSTEMPATH\Boot.php(67): CodeIgniter\Boot::runCodeIgniter(Object(CodeIgniter\CodeIgniter))
15 FCPATH\index.php(56): CodeIgniter\Boot::bootWeb(Object(Config\Paths))
CRITICAL - 2024-11-22 17:52:19 --> ErrorException: Undefined variable $libros
[Method: GET, Route: Libros/new]
in APPPATH\Views\Libro\_form.php on line 2.
 1 APPPATH\Views\Libro\_form.php(2): CodeIgniter\Debug\Exceptions->errorHandler(2, 'Undefined variable $libros', 'C:\\laragon\\www\\biblioteca\\app\\Views\\Libro\\_form.php', 2)
 2 SYSTEMPATH\View\View.php(234): include('C:\\laragon\\www\\biblioteca\\app\\Views\\Libro\\_form.php')
 3 SYSTEMPATH\View\View.php(237): CodeIgniter\View\View->CodeIgniter\View\{closure}()
 4 SYSTEMPATH\Common.php(1171): CodeIgniter\View\View->render('Libro/_form', [], true)
 5 APPPATH\Views\Libro\new.php(10): view('Libro/_form', [...])
 6 SYSTEMPATH\View\View.php(234): include('C:\\laragon\\www\\biblioteca\\app\\Views\\Libro\\new.php')
 7 SYSTEMPATH\View\View.php(237): CodeIgniter\View\View->CodeIgniter\View\{closure}()
 8 SYSTEMPATH\Common.php(1171): CodeIgniter\View\View->render('Libro/new', [], true)
 9 APPPATH\Controllers\Libros.php(61): view('Libro/new')
10 SYSTEMPATH\CodeIgniter.php(933): App\Controllers\Libros->new()
11 SYSTEMPATH\CodeIgniter.php(509): CodeIgniter\CodeIgniter->runController(Object(App\Controllers\Libros))
12 SYSTEMPATH\CodeIgniter.php(355): CodeIgniter\CodeIgniter->handleRequest(null, Object(Config\Cache), false)
13 SYSTEMPATH\Boot.php(325): CodeIgniter\CodeIgniter->run()
14 SYSTEMPATH\Boot.php(67): CodeIgniter\Boot::runCodeIgniter(Object(CodeIgniter\CodeIgniter))
15 FCPATH\index.php(56): CodeIgniter\Boot::bootWeb(Object(Config\Paths))
CRITICAL - 2024-11-22 17:52:32 --> ErrorException: Undefined variable $libros
[Method: GET, Route: Libros/new]
in APPPATH\Views\Libro\_form.php on line 2.
 1 APPPATH\Views\Libro\_form.php(2): CodeIgniter\Debug\Exceptions->errorHandler(2, 'Undefined variable $libros', 'C:\\laragon\\www\\biblioteca\\app\\Views\\Libro\\_form.php', 2)
 2 SYSTEMPATH\View\View.php(234): include('C:\\laragon\\www\\biblioteca\\app\\Views\\Libro\\_form.php')
 3 SYSTEMPATH\View\View.php(237): CodeIgniter\View\View->CodeIgniter\View\{closure}()
 4 SYSTEMPATH\Common.php(1171): CodeIgniter\View\View->render('Libro/_form', [], true)
 5 APPPATH\Views\Libro\new.php(10): view('Libro/_form', [...])
 6 SYSTEMPATH\View\View.php(234): include('C:\\laragon\\www\\biblioteca\\app\\Views\\Libro\\new.php')
 7 SYSTEMPATH\View\View.php(237): CodeIgniter\View\View->CodeIgniter\View\{closure}()
 8 SYSTEMPATH\Common.php(1171): CodeIgniter\View\View->render('Libro/new', [], true)
 9 APPPATH\Controllers\Libros.php(61): view('Libro/new')
10 SYSTEMPATH\CodeIgniter.php(933): App\Controllers\Libros->new()
11 SYSTEMPATH\CodeIgniter.php(509): CodeIgniter\CodeIgniter->runController(Object(App\Controllers\Libros))
12 SYSTEMPATH\CodeIgniter.php(355): CodeIgniter\CodeIgniter->handleRequest(null, Object(Config\Cache), false)
13 SYSTEMPATH\Boot.php(325): CodeIgniter\CodeIgniter->run()
14 SYSTEMPATH\Boot.php(67): CodeIgniter\Boot::runCodeIgniter(Object(CodeIgniter\CodeIgniter))
15 FCPATH\index.php(56): CodeIgniter\Boot::bootWeb(Object(Config\Paths))
CRITICAL - 2024-11-22 17:52:39 --> ErrorException: Undefined variable $libros
[Method: GET, Route: Libros/new]
in APPPATH\Views\Libro\_form.php on line 2.
 1 APPPATH\Views\Libro\_form.php(2): CodeIgniter\Debug\Exceptions->errorHandler(2, 'Undefined variable $libros', 'C:\\laragon\\www\\biblioteca\\app\\Views\\Libro\\_form.php', 2)
 2 SYSTEMPATH\View\View.php(234): include('C:\\laragon\\www\\biblioteca\\app\\Views\\Libro\\_form.php')
 3 SYSTEMPATH\View\View.php(237): CodeIgniter\View\View->CodeIgniter\View\{closure}()
 4 SYSTEMPATH\Common.php(1171): CodeIgniter\View\View->render('Libro/_form', [], true)
 5 APPPATH\Views\Libro\new.php(10): view('Libro/_form', [...])
 6 SYSTEMPATH\View\View.php(234): include('C:\\laragon\\www\\biblioteca\\app\\Views\\Libro\\new.php')
 7 SYSTEMPATH\View\View.php(237): CodeIgniter\View\View->CodeIgniter\View\{closure}()
 8 SYSTEMPATH\Common.php(1171): CodeIgniter\View\View->render('Libro/new', [], true)
 9 APPPATH\Controllers\Libros.php(61): view('Libro/new')
10 SYSTEMPATH\CodeIgniter.php(933): App\Controllers\Libros->new()
11 SYSTEMPATH\CodeIgniter.php(509): CodeIgniter\CodeIgniter->runController(Object(App\Controllers\Libros))
12 SYSTEMPATH\CodeIgniter.php(355): CodeIgniter\CodeIgniter->handleRequest(null, Object(Config\Cache), false)
13 SYSTEMPATH\Boot.php(325): CodeIgniter\CodeIgniter->run()
14 SYSTEMPATH\Boot.php(67): CodeIgniter\Boot::runCodeIgniter(Object(CodeIgniter\CodeIgniter))
15 FCPATH\index.php(56): CodeIgniter\Boot::bootWeb(Object(Config\Paths))
CRITICAL - 2024-11-22 17:52:53 --> ErrorException: Undefined variable $libros
[Method: GET, Route: Libros/new]
in APPPATH\Views\Libro\_form.php on line 2.
 1 APPPATH\Views\Libro\_form.php(2): CodeIgniter\Debug\Exceptions->errorHandler(2, 'Undefined variable $libros', 'C:\\laragon\\www\\biblioteca\\app\\Views\\Libro\\_form.php', 2)
 2 SYSTEMPATH\View\View.php(234): include('C:\\laragon\\www\\biblioteca\\app\\Views\\Libro\\_form.php')
 3 SYSTEMPATH\View\View.php(237): CodeIgniter\View\View->CodeIgniter\View\{closure}()
 4 SYSTEMPATH\Common.php(1171): CodeIgniter\View\View->render('Libro/_form', [], true)
 5 APPPATH\Views\Libro\new.php(10): view('Libro/_form', [...])
 6 SYSTEMPATH\View\View.php(234): include('C:\\laragon\\www\\biblioteca\\app\\Views\\Libro\\new.php')
 7 SYSTEMPATH\View\View.php(237): CodeIgniter\View\View->CodeIgniter\View\{closure}()
 8 SYSTEMPATH\Common.php(1171): CodeIgniter\View\View->render('Libro/new', [], true)
 9 APPPATH\Controllers\Libros.php(61): view('Libro/new')
10 SYSTEMPATH\CodeIgniter.php(933): App\Controllers\Libros->new()
11 SYSTEMPATH\CodeIgniter.php(509): CodeIgniter\CodeIgniter->runController(Object(App\Controllers\Libros))
12 SYSTEMPATH\CodeIgniter.php(355): CodeIgniter\CodeIgniter->handleRequest(null, Object(Config\Cache), false)
13 SYSTEMPATH\Boot.php(325): CodeIgniter\CodeIgniter->run()
14 SYSTEMPATH\Boot.php(67): CodeIgniter\Boot::runCodeIgniter(Object(CodeIgniter\CodeIgniter))
15 FCPATH\index.php(56): CodeIgniter\Boot::bootWeb(Object(Config\Paths))
CRITICAL - 2024-11-22 17:52:56 --> ErrorException: Undefined variable $libros
[Method: GET, Route: Libros/new]
in APPPATH\Views\Libro\_form.php on line 2.
 1 APPPATH\Views\Libro\_form.php(2): CodeIgniter\Debug\Exceptions->errorHandler(2, 'Undefined variable $libros', 'C:\\laragon\\www\\biblioteca\\app\\Views\\Libro\\_form.php', 2)
 2 SYSTEMPATH\View\View.php(234): include('C:\\laragon\\www\\biblioteca\\app\\Views\\Libro\\_form.php')
 3 SYSTEMPATH\View\View.php(237): CodeIgniter\View\View->CodeIgniter\View\{closure}()
 4 SYSTEMPATH\Common.php(1171): CodeIgniter\View\View->render('Libro/_form', [], true)
 5 APPPATH\Views\Libro\new.php(10): view('Libro/_form', [...])
 6 SYSTEMPATH\View\View.php(234): include('C:\\laragon\\www\\biblioteca\\app\\Views\\Libro\\new.php')
 7 SYSTEMPATH\View\View.php(237): CodeIgniter\View\View->CodeIgniter\View\{closure}()
 8 SYSTEMPATH\Common.php(1171): CodeIgniter\View\View->render('Libro/new', [], true)
 9 APPPATH\Controllers\Libros.php(61): view('Libro/new')
10 SYSTEMPATH\CodeIgniter.php(933): App\Controllers\Libros->new()
11 SYSTEMPATH\CodeIgniter.php(509): CodeIgniter\CodeIgniter->runController(Object(App\Controllers\Libros))
12 SYSTEMPATH\CodeIgniter.php(355): CodeIgniter\CodeIgniter->handleRequest(null, Object(Config\Cache), false)
13 SYSTEMPATH\Boot.php(325): CodeIgniter\CodeIgniter->run()
14 SYSTEMPATH\Boot.php(67): CodeIgniter\Boot::runCodeIgniter(Object(CodeIgniter\CodeIgniter))
15 FCPATH\index.php(56): CodeIgniter\Boot::bootWeb(Object(Config\Paths))
CRITICAL - 2024-11-22 17:53:05 --> ErrorException: Undefined variable $libros
[Method: GET, Route: Libros/new]
in APPPATH\Views\Libro\_form.php on line 2.
 1 APPPATH\Views\Libro\_form.php(2): CodeIgniter\Debug\Exceptions->errorHandler(2, 'Undefined variable $libros', 'C:\\laragon\\www\\biblioteca\\app\\Views\\Libro\\_form.php', 2)
 2 SYSTEMPATH\View\View.php(234): include('C:\\laragon\\www\\biblioteca\\app\\Views\\Libro\\_form.php')
 3 SYSTEMPATH\View\View.php(237): CodeIgniter\View\View->CodeIgniter\View\{closure}()
 4 SYSTEMPATH\Common.php(1171): CodeIgniter\View\View->render('Libro/_form', [], true)
 5 APPPATH\Views\Libro\new.php(10): view('Libro/_form', [...])
 6 SYSTEMPATH\View\View.php(234): include('C:\\laragon\\www\\biblioteca\\app\\Views\\Libro\\new.php')
 7 SYSTEMPATH\View\View.php(237): CodeIgniter\View\View->CodeIgniter\View\{closure}()
 8 SYSTEMPATH\Common.php(1171): CodeIgniter\View\View->render('Libro/new', [], true)
 9 APPPATH\Controllers\Libros.php(61): view('Libro/new')
10 SYSTEMPATH\CodeIgniter.php(933): App\Controllers\Libros->new()
11 SYSTEMPATH\CodeIgniter.php(509): CodeIgniter\CodeIgniter->runController(Object(App\Controllers\Libros))
12 SYSTEMPATH\CodeIgniter.php(355): CodeIgniter\CodeIgniter->handleRequest(null, Object(Config\Cache), false)
13 SYSTEMPATH\Boot.php(325): CodeIgniter\CodeIgniter->run()
14 SYSTEMPATH\Boot.php(67): CodeIgniter\Boot::runCodeIgniter(Object(CodeIgniter\CodeIgniter))
15 FCPATH\index.php(56): CodeIgniter\Boot::bootWeb(Object(Config\Paths))
CRITICAL - 2024-11-22 17:53:42 --> ErrorException: Undefined variable $libros
[Method: GET, Route: Libros/new]
in APPPATH\Views\Libro\_form.php on line 2.
 1 APPPATH\Views\Libro\_form.php(2): CodeIgniter\Debug\Exceptions->errorHandler(2, 'Undefined variable $libros', 'C:\\laragon\\www\\biblioteca\\app\\Views\\Libro\\_form.php', 2)
 2 SYSTEMPATH\View\View.php(234): include('C:\\laragon\\www\\biblioteca\\app\\Views\\Libro\\_form.php')
 3 SYSTEMPATH\View\View.php(237): CodeIgniter\View\View->CodeIgniter\View\{closure}()
 4 SYSTEMPATH\Common.php(1171): CodeIgniter\View\View->render('Libro/_form', [], true)
 5 APPPATH\Views\Libro\new.php(10): view('Libro/_form', [...])
 6 SYSTEMPATH\View\View.php(234): include('C:\\laragon\\www\\biblioteca\\app\\Views\\Libro\\new.php')
 7 SYSTEMPATH\View\View.php(237): CodeIgniter\View\View->CodeIgniter\View\{closure}()
 8 SYSTEMPATH\Common.php(1171): CodeIgniter\View\View->render('Libro/new', [], true)
 9 APPPATH\Controllers\Libros.php(61): view('Libro/new')
10 SYSTEMPATH\CodeIgniter.php(933): App\Controllers\Libros->new()
11 SYSTEMPATH\CodeIgniter.php(509): CodeIgniter\CodeIgniter->runController(Object(App\Controllers\Libros))
12 SYSTEMPATH\CodeIgniter.php(355): CodeIgniter\CodeIgniter->handleRequest(null, Object(Config\Cache), false)
13 SYSTEMPATH\Boot.php(325): CodeIgniter\CodeIgniter->run()
14 SYSTEMPATH\Boot.php(67): CodeIgniter\Boot::runCodeIgniter(Object(CodeIgniter\CodeIgniter))
15 FCPATH\index.php(56): CodeIgniter\Boot::bootWeb(Object(Config\Paths))
CRITICAL - 2024-11-22 17:53:45 --> ErrorException: Undefined variable $libros
[Method: GET, Route: Libros/new]
in APPPATH\Views\Libro\_form.php on line 2.
 1 APPPATH\Views\Libro\_form.php(2): CodeIgniter\Debug\Exceptions->errorHandler(2, 'Undefined variable $libros', 'C:\\laragon\\www\\biblioteca\\app\\Views\\Libro\\_form.php', 2)
 2 SYSTEMPATH\View\View.php(234): include('C:\\laragon\\www\\biblioteca\\app\\Views\\Libro\\_form.php')
 3 SYSTEMPATH\View\View.php(237): CodeIgniter\View\View->CodeIgniter\View\{closure}()
 4 SYSTEMPATH\Common.php(1171): CodeIgniter\View\View->render('Libro/_form', [], true)
 5 APPPATH\Views\Libro\new.php(10): view('Libro/_form', [...])
 6 SYSTEMPATH\View\View.php(234): include('C:\\laragon\\www\\biblioteca\\app\\Views\\Libro\\new.php')
 7 SYSTEMPATH\View\View.php(237): CodeIgniter\View\View->CodeIgniter\View\{closure}()
 8 SYSTEMPATH\Common.php(1171): CodeIgniter\View\View->render('Libro/new', [], true)
 9 APPPATH\Controllers\Libros.php(61): view('Libro/new')
10 SYSTEMPATH\CodeIgniter.php(933): App\Controllers\Libros->new()
11 SYSTEMPATH\CodeIgniter.php(509): CodeIgniter\CodeIgniter->runController(Object(App\Controllers\Libros))
12 SYSTEMPATH\CodeIgniter.php(355): CodeIgniter\CodeIgniter->handleRequest(null, Object(Config\Cache), false)
13 SYSTEMPATH\Boot.php(325): CodeIgniter\CodeIgniter->run()
14 SYSTEMPATH\Boot.php(67): CodeIgniter\Boot::runCodeIgniter(Object(CodeIgniter\CodeIgniter))
15 FCPATH\index.php(56): CodeIgniter\Boot::bootWeb(Object(Config\Paths))
